[MainProcess binance_dot_eur] [02.11.2021 17:06:49] - -------------------- SUPERTREND TRADING BOT -----------------------
[MainProcess binance_dot_eur] [02.11.2021 17:06:49] - Exchange: Binance
[MainProcess binance_dot_eur] [02.11.2021 17:06:49] - Market: DOT/EUR
[MainProcess binance_dot_eur] [02.11.2021 17:06:49] - Position Size: 386.40852148
[MainProcess binance_dot_eur] [02.11.2021 17:06:49] - Currency: EUR
[MainProcess binance_matic_eur] [02.11.2021 17:06:54] - -------------------- SUPERTREND TRADING BOT -----------------------
[MainProcess binance_matic_eur] [02.11.2021 17:06:54] - Exchange: Binance
[MainProcess binance_matic_eur] [02.11.2021 17:06:54] - Market: MATIC/EUR
[MainProcess binance_matic_eur] [02.11.2021 17:06:54] - Position Size: 386.40852148
[MainProcess binance_matic_eur] [02.11.2021 17:06:54] - Currency: EUR
[MainProcess binance_shib_eur] [02.11.2021 17:06:59] - -------------------- SUPERTREND TRADING BOT -----------------------
[MainProcess binance_shib_eur] [02.11.2021 17:06:59] - Exchange: Binance
[MainProcess binance_shib_eur] [02.11.2021 17:06:59] - Market: SHIB/EUR
[MainProcess binance_shib_eur] [02.11.2021 17:06:59] - Position Size: 386.40852148
[MainProcess binance_shib_eur] [02.11.2021 17:06:59] - Currency: EUR
[MainProcess binance_shib_eur] [02.11.2021 17:06:59] -              timestamp   open   high    low  close  volume  previous_close  high-low  high-pc  low-pc    tr       atr  upperband  lowerband  in_uptrend
96 2021-11-02 16:03:00  44.39  44.39  44.22  44.24  432.37           44.36      0.17     0.03    0.14  0.17  0.140000  44.725000  43.885000       False
97 2021-11-02 16:04:00  44.21  44.35  44.16  44.31  181.38           44.24      0.19     0.11    0.08  0.19  0.131429  44.649286  43.860714       False
98 2021-11-02 16:05:00  44.30  44.30  44.22  44.23   74.63           44.31      0.08     0.01    0.09  0.09  0.134286  44.649286  43.857143       False
[MainProcess binance_matic_eur] [02.11.2021 17:06:59] -              timestamp   open   high    low  close  volume  previous_close  high-low  high-pc  low-pc    tr       atr  upperband  lowerband  in_uptrend
96 2021-11-02 16:03:00  44.39  44.39  44.22  44.24  432.37           44.36      0.17     0.03    0.14  0.17  0.140000  44.725000  43.885000       False
97 2021-11-02 16:04:00  44.21  44.35  44.16  44.31  181.38           44.24      0.19     0.11    0.08  0.19  0.131429  44.649286  43.860714       False
98 2021-11-02 16:05:00  44.30  44.30  44.22  44.23   74.63           44.31      0.08     0.01    0.09  0.09  0.134286  44.649286  43.857143       False
[MainProcess binance_dot_eur] [02.11.2021 17:06:59] -              timestamp   open   high    low  close  volume  previous_close  high-low  high-pc  low-pc    tr       atr  upperband  lowerband  in_uptrend
96 2021-11-02 16:03:00  44.39  44.39  44.22  44.24  432.37           44.36      0.17     0.03    0.14  0.17  0.140000  44.725000  43.885000       False
97 2021-11-02 16:04:00  44.21  44.35  44.16  44.31  181.38           44.24      0.19     0.11    0.08  0.19  0.131429  44.649286  43.860714       False
98 2021-11-02 16:05:00  44.30  44.30  44.22  44.23   74.63           44.31      0.08     0.01    0.09  0.09  0.134286  44.649286  43.857143       False
[MainProcess binance_shib_eur] [02.11.2021 17:07:04] -              timestamp    open    high     low   close  volume  previous_close  high-low  high-pc  low-pc      tr       atr  upperband  lowerband  in_uptrend
96 2021-11-02 16:03:00  1.6834  1.6858  1.6790  1.6808  9000.2          1.6834    0.0068   0.0024  0.0044  0.0068  0.004000   1.692014   1.670400       False
97 2021-11-02 16:04:00  1.6789  1.6808  1.6789  1.6808   185.5          1.6808    0.0019   0.0000  0.0019  0.0019  0.003586   1.690607   1.669093       False
98 2021-11-02 16:05:00  1.6814  1.6820  1.6764  1.6764  3317.1          1.6808    0.0056   0.0012  0.0044  0.0056  0.004300   1.690607   1.666300       False
[MainProcess binance_matic_eur] [02.11.2021 17:07:05] -              timestamp    open    high     low   close  volume  previous_close  high-low  high-pc  low-pc      tr       atr  upperband  lowerband  in_uptrend
96 2021-11-02 16:03:00  1.6834  1.6858  1.6790  1.6808  9000.2          1.6834    0.0068   0.0024  0.0044  0.0068  0.004000   1.692014   1.670400       False
97 2021-11-02 16:04:00  1.6789  1.6808  1.6789  1.6808   185.5          1.6808    0.0019   0.0000  0.0019  0.0019  0.003586   1.690607   1.669093       False
98 2021-11-02 16:05:00  1.6814  1.6820  1.6764  1.6764  3317.1          1.6808    0.0056   0.0012  0.0044  0.0056  0.004300   1.690607   1.666300       False
[MainProcess binance_dot_eur] [02.11.2021 17:07:05] -              timestamp    open    high     low   close  volume  previous_close  high-low  high-pc  low-pc      tr       atr  upperband  lowerband  in_uptrend
96 2021-11-02 16:03:00  1.6834  1.6858  1.6790  1.6808  9000.2          1.6834    0.0068   0.0024  0.0044  0.0068  0.004000   1.692014   1.670400       False
97 2021-11-02 16:04:00  1.6789  1.6808  1.6789  1.6808   185.5          1.6808    0.0019   0.0000  0.0019  0.0019  0.003586   1.690607   1.669093       False
98 2021-11-02 16:05:00  1.6814  1.6820  1.6764  1.6764  3317.1          1.6808    0.0056   0.0012  0.0044  0.0056  0.004300   1.690607   1.666300       False
[MainProcess binance_dot_eur] [02.11.2021 17:07:09] -              timestamp      open      high       low     close        volume  ...        low-pc            tr           atr  upperband  lowerband  in_uptrend
96 2021-11-02 16:04:00  0.000059  0.000059  0.000059  0.000059  1.649178e+09  ...  1.800000e-07  1.800000e-07  2.157143e-07    0.00006   0.000058        True
97 2021-11-02 16:05:00  0.000059  0.000059  0.000059  0.000059  1.400634e+09  ...  1.100000e-07  1.600000e-07  2.114286e-07    0.00006   0.000058        True
98 2021-11-02 16:06:00  0.000059  0.000059  0.000059  0.000059  5.958304e+08  ...  5.000000e-08  1.100000e-07  2.042857e-07    0.00006   0.000058        True

[3 rows x 15 columns]
[MainProcess binance_shib_eur] [02.11.2021 17:07:10] -              timestamp   open   high    low  close  volume  previous_close  high-low  high-pc  low-pc    tr       atr  upperband  lowerband  in_uptrend
96 2021-11-02 16:04:00  44.21  44.35  44.16  44.31  181.38           44.24      0.19     0.11    0.08  0.19  0.131429  44.649286  43.860714       False
97 2021-11-02 16:05:00  44.30  44.30  44.22  44.23   74.63           44.31      0.08     0.01    0.09  0.09  0.134286  44.649286  43.857143       False
98 2021-11-02 16:06:00  44.24  44.30  44.24  44.30   18.07           44.23      0.06     0.07    0.01  0.07  0.130000  44.649286  43.880000       False
[MainProcess binance_matic_eur] [02.11.2021 17:07:10] -              timestamp   open   high    low  close  volume  previous_close  high-low  high-pc  low-pc    tr       atr  upperband  lowerband  in_uptrend
96 2021-11-02 16:04:00  44.21  44.35  44.16  44.31  181.38           44.24      0.19     0.11    0.08  0.19  0.131429  44.649286  43.860714       False
97 2021-11-02 16:05:00  44.30  44.30  44.22  44.23   74.63           44.31      0.08     0.01    0.09  0.09  0.134286  44.649286  43.857143       False
98 2021-11-02 16:06:00  44.24  44.30  44.24  44.30   18.07           44.23      0.06     0.07    0.01  0.07  0.130000  44.649286  43.880000       False
[MainProcess binance_shib_eur] [02.11.2021 17:07:15] -              timestamp    open    high     low   close  volume  previous_close  ...  high-pc  low-pc      tr       atr  upperband  lowerband  in_uptrend
96 2021-11-02 16:04:00  1.6789  1.6808  1.6789  1.6808   185.5          1.6808  ...   0.0000  0.0019  0.0019  0.003586   1.690607   1.669093       False
97 2021-11-02 16:05:00  1.6814  1.6820  1.6764  1.6764  3317.1          1.6808  ...   0.0012  0.0044  0.0056  0.004300   1.690607   1.666300       False
98 2021-11-02 16:06:00  1.6805  1.6805  1.6788  1.6788   646.7          1.6764  ...   0.0041  0.0024  0.0041  0.004514   1.690607   1.666107       False

[3 rows x 15 columns]
[MainProcess binance_matic_eur] [02.11.2021 17:07:15] -              timestamp    open    high     low   close  volume  previous_close  ...  high-pc  low-pc      tr       atr  upperband  lowerband  in_uptrend
96 2021-11-02 16:04:00  1.6789  1.6808  1.6789  1.6808   185.5          1.6808  ...   0.0000  0.0019  0.0019  0.003586   1.690607   1.669093       False
97 2021-11-02 16:05:00  1.6814  1.6820  1.6764  1.6764  3317.1          1.6808  ...   0.0012  0.0044  0.0056  0.004300   1.690607   1.666300       False
98 2021-11-02 16:06:00  1.6805  1.6805  1.6788  1.6788   646.7          1.6764  ...   0.0041  0.0024  0.0041  0.004514   1.690607   1.666107       False

[3 rows x 15 columns]
[MainProcess binance_shib_eur] [02.11.2021 17:07:19] -              timestamp      open      high       low     close        volume  ...        low-pc            tr           atr  upperband  lowerband  in_uptrend
96 2021-11-02 16:04:00  0.000059  0.000059  0.000059  0.000059  1.649178e+09  ...  1.800000e-07  1.800000e-07  2.157143e-07    0.00006   0.000058        True
97 2021-11-02 16:05:00  0.000059  0.000059  0.000059  0.000059  1.400634e+09  ...  1.100000e-07  1.600000e-07  2.114286e-07    0.00006   0.000058        True
98 2021-11-02 16:06:00  0.000059  0.000059  0.000059  0.000059  5.958304e+08  ...  5.000000e-08  1.100000e-07  2.042857e-07    0.00006   0.000058        True

[3 rows x 15 columns]
[MainProcess binance_matic_eur] [02.11.2021 17:07:20] -              timestamp      open      high       low     close        volume  ...        low-pc            tr           atr  upperband  lowerband  in_uptrend
96 2021-11-02 16:04:00  0.000059  0.000059  0.000059  0.000059  1.649178e+09  ...  1.800000e-07  1.800000e-07  2.157143e-07    0.00006   0.000058        True
97 2021-11-02 16:05:00  0.000059  0.000059  0.000059  0.000059  1.400634e+09  ...  1.100000e-07  1.600000e-07  2.114286e-07    0.00006   0.000058        True
98 2021-11-02 16:06:00  0.000059  0.000059  0.000059  0.000059  5.958304e+08  ...  5.000000e-08  1.100000e-07  2.042857e-07    0.00006   0.000058        True

[3 rows x 15 columns]
[MainProcess binance_dot_eur] [02.11.2021 17:07:20] -              timestamp      open      high       low     close        volume  ...        low-pc            tr           atr  upperband  lowerband  in_uptrend
96 2021-11-02 16:04:00  0.000059  0.000059  0.000059  0.000059  1.649178e+09  ...  1.800000e-07  1.800000e-07  2.157143e-07    0.00006   0.000058        True
97 2021-11-02 16:05:00  0.000059  0.000059  0.000059  0.000059  1.400634e+09  ...  1.100000e-07  1.600000e-07  2.114286e-07    0.00006   0.000058        True
98 2021-11-02 16:06:00  0.000059  0.000059  0.000059  0.000059  5.958304e+08  ...  5.000000e-08  1.100000e-07  2.042857e-07    0.00006   0.000058        True

[3 rows x 15 columns]
[MainProcess binance_shib_eur] [02.11.2021 17:07:21] -              timestamp   open   high    low  close  volume  previous_close  high-low  high-pc  low-pc    tr       atr  upperband  lowerband  in_uptrend
96 2021-11-02 16:04:00  44.21  44.35  44.16  44.31  181.38           44.24      0.19     0.11    0.08  0.19  0.131429  44.649286  43.860714       False
97 2021-11-02 16:05:00  44.30  44.30  44.22  44.23   74.63           44.31      0.08     0.01    0.09  0.09  0.134286  44.649286  43.857143       False
98 2021-11-02 16:06:00  44.24  44.30  44.24  44.30   18.07           44.23      0.06     0.07    0.01  0.07  0.130000  44.649286  43.880000       False
[MainProcess binance_matic_eur] [02.11.2021 17:07:22] -              timestamp   open   high    low  close  volume  previous_close  high-low  high-pc  low-pc    tr       atr  upperband  lowerband  in_uptrend
96 2021-11-02 16:04:00  44.21  44.35  44.16  44.31  181.38           44.24      0.19     0.11    0.08  0.19  0.131429  44.649286  43.860714       False
97 2021-11-02 16:05:00  44.30  44.30  44.22  44.23   74.63           44.31      0.08     0.01    0.09  0.09  0.134286  44.649286  43.857143       False
98 2021-11-02 16:06:00  44.24  44.30  44.24  44.30   18.07           44.23      0.06     0.07    0.01  0.07  0.130000  44.649286  43.880000       False
[MainProcess binance_dot_eur] [02.11.2021 17:07:22] -              timestamp   open   high    low  close  volume  previous_close  high-low  high-pc  low-pc    tr       atr  upperband  lowerband  in_uptrend
96 2021-11-02 16:04:00  44.21  44.35  44.16  44.31  181.38           44.24      0.19     0.11    0.08  0.19  0.131429  44.649286  43.860714       False
97 2021-11-02 16:05:00  44.30  44.30  44.22  44.23   74.63           44.31      0.08     0.01    0.09  0.09  0.134286  44.649286  43.857143       False
98 2021-11-02 16:06:00  44.24  44.30  44.24  44.30   18.07           44.23      0.06     0.07    0.01  0.07  0.130000  44.649286  43.880000       False
[MainProcess binance_shib_eur] [02.11.2021 17:07:26] -              timestamp    open    high     low   close  volume  previous_close  ...  high-pc  low-pc      tr       atr  upperband  lowerband  in_uptrend
96 2021-11-02 16:04:00  1.6789  1.6808  1.6789  1.6808   185.5          1.6808  ...   0.0000  0.0019  0.0019  0.003586   1.690607   1.669093       False
97 2021-11-02 16:05:00  1.6814  1.6820  1.6764  1.6764  3317.1          1.6808  ...   0.0012  0.0044  0.0056  0.004300   1.690607   1.666300       False
98 2021-11-02 16:06:00  1.6805  1.6805  1.6788  1.6788   646.7          1.6764  ...   0.0041  0.0024  0.0041  0.004514   1.690607   1.666107       False

[3 rows x 15 columns]
[MainProcess binance_matic_eur] [02.11.2021 17:07:27] -              timestamp    open    high     low   close  volume  previous_close  ...  high-pc  low-pc      tr       atr  upperband  lowerband  in_uptrend
96 2021-11-02 16:04:00  1.6789  1.6808  1.6789  1.6808   185.5          1.6808  ...   0.0000  0.0019  0.0019  0.003586   1.690607   1.669093       False
97 2021-11-02 16:05:00  1.6814  1.6820  1.6764  1.6764  3317.1          1.6808  ...   0.0012  0.0044  0.0056  0.004300   1.690607   1.666300       False
98 2021-11-02 16:06:00  1.6805  1.6805  1.6788  1.6788   646.7          1.6764  ...   0.0041  0.0024  0.0041  0.004514   1.690607   1.666107       False

[3 rows x 15 columns]
[MainProcess binance_dot_eur] [02.11.2021 17:07:31] -              timestamp      open      high       low     close        volume  ...        low-pc            tr           atr  upperband  lowerband  in_uptrend
96 2021-11-02 16:04:00  0.000059  0.000059  0.000059  0.000059  1.649178e+09  ...  1.800000e-07  1.800000e-07  2.157143e-07    0.00006   0.000058        True
97 2021-11-02 16:05:00  0.000059  0.000059  0.000059  0.000059  1.400634e+09  ...  1.100000e-07  1.600000e-07  2.114286e-07    0.00006   0.000058        True
98 2021-11-02 16:06:00  0.000059  0.000059  0.000059  0.000059  5.958304e+08  ...  5.000000e-08  1.100000e-07  2.042857e-07    0.00006   0.000058        True

[3 rows x 15 columns]
[MainProcess binance_dot_eur] [02.11.2021 17:07:33] -              timestamp   open   high    low  close  volume  previous_close  high-low  high-pc  low-pc    tr       atr  upperband  lowerband  in_uptrend
96 2021-11-02 16:04:00  44.21  44.35  44.16  44.31  181.38           44.24      0.19     0.11    0.08  0.19  0.131429  44.649286  43.860714       False
97 2021-11-02 16:05:00  44.30  44.30  44.22  44.23   74.63           44.31      0.08     0.01    0.09  0.09  0.134286  44.649286  43.857143       False
98 2021-11-02 16:06:00  44.24  44.30  44.24  44.30   18.07           44.23      0.06     0.07    0.01  0.07  0.130000  44.649286  43.880000       False
[MainProcess binance_matic_eur] [02.11.2021 17:07:33] -              timestamp   open   high    low  close  volume  previous_close  high-low  high-pc  low-pc    tr       atr  upperband  lowerband  in_uptrend
96 2021-11-02 16:04:00  44.21  44.35  44.16  44.31  181.38           44.24      0.19     0.11    0.08  0.19  0.131429  44.649286  43.860714       False
97 2021-11-02 16:05:00  44.30  44.30  44.22  44.23   74.63           44.31      0.08     0.01    0.09  0.09  0.134286  44.649286  43.857143       False
98 2021-11-02 16:06:00  44.24  44.30  44.24  44.30   18.07           44.23      0.06     0.07    0.01  0.07  0.130000  44.649286  43.880000       False
[MainProcess binance_shib_eur] [02.11.2021 17:07:33] -              timestamp   open   high    low  close  volume  previous_close  high-low  high-pc  low-pc    tr       atr  upperband  lowerband  in_uptrend
96 2021-11-02 16:04:00  44.21  44.35  44.16  44.31  181.38           44.24      0.19     0.11    0.08  0.19  0.131429  44.649286  43.860714       False
97 2021-11-02 16:05:00  44.30  44.30  44.22  44.23   74.63           44.31      0.08     0.01    0.09  0.09  0.134286  44.649286  43.857143       False
98 2021-11-02 16:06:00  44.24  44.30  44.24  44.30   18.07           44.23      0.06     0.07    0.01  0.07  0.130000  44.649286  43.880000       False
[MainProcess binance_dot_eur] [02.11.2021 17:07:37] -              timestamp    open    high     low   close  volume  previous_close  ...  high-pc  low-pc      tr       atr  upperband  lowerband  in_uptrend
96 2021-11-02 16:04:00  1.6789  1.6808  1.6789  1.6808   185.5          1.6808  ...   0.0000  0.0019  0.0019  0.003586   1.690607   1.669093       False
97 2021-11-02 16:05:00  1.6814  1.6820  1.6764  1.6764  3317.1          1.6808  ...   0.0012  0.0044  0.0056  0.004300   1.690607   1.666300       False
98 2021-11-02 16:06:00  1.6805  1.6805  1.6788  1.6788   646.7          1.6764  ...   0.0041  0.0024  0.0041  0.004514   1.690607   1.666107       False

[3 rows x 15 columns]
[MainProcess binance_matic_eur] [02.11.2021 17:07:42] -              timestamp      open      high       low     close        volume  ...        low-pc            tr           atr  upperband  lowerband  in_uptrend
96 2021-11-02 16:04:00  0.000059  0.000059  0.000059  0.000059  1.649178e+09  ...  1.800000e-07  1.800000e-07  2.157143e-07    0.00006   0.000058        True
97 2021-11-02 16:05:00  0.000059  0.000059  0.000059  0.000059  1.400634e+09  ...  1.100000e-07  1.600000e-07  2.114286e-07    0.00006   0.000058        True
98 2021-11-02 16:06:00  0.000059  0.000059  0.000059  0.000059  5.958304e+08  ...  5.000000e-08  1.100000e-07  2.042857e-07    0.00006   0.000058        True

[3 rows x 15 columns]
[MainProcess binance_dot_eur] [02.11.2021 17:07:42] -              timestamp      open      high       low     close        volume  ...        low-pc            tr           atr  upperband  lowerband  in_uptrend
96 2021-11-02 16:04:00  0.000059  0.000059  0.000059  0.000059  1.649178e+09  ...  1.800000e-07  1.800000e-07  2.157143e-07    0.00006   0.000058        True
97 2021-11-02 16:05:00  0.000059  0.000059  0.000059  0.000059  1.400634e+09  ...  1.100000e-07  1.600000e-07  2.114286e-07    0.00006   0.000058        True
98 2021-11-02 16:06:00  0.000059  0.000059  0.000059  0.000059  5.958304e+08  ...  5.000000e-08  1.100000e-07  2.042857e-07    0.00006   0.000058        True

[3 rows x 15 columns]
[MainProcess binance_shib_eur] [02.11.2021 17:07:42] -              timestamp      open      high       low     close        volume  ...        low-pc            tr           atr  upperband  lowerband  in_uptrend
96 2021-11-02 16:04:00  0.000059  0.000059  0.000059  0.000059  1.649178e+09  ...  1.800000e-07  1.800000e-07  2.157143e-07    0.00006   0.000058        True
97 2021-11-02 16:05:00  0.000059  0.000059  0.000059  0.000059  1.400634e+09  ...  1.100000e-07  1.600000e-07  2.114286e-07    0.00006   0.000058        True
98 2021-11-02 16:06:00  0.000059  0.000059  0.000059  0.000059  5.958304e+08  ...  5.000000e-08  1.100000e-07  2.042857e-07    0.00006   0.000058        True

[3 rows x 15 columns]
[MainProcess binance_matic_eur] [02.11.2021 17:07:44] -              timestamp   open   high    low  close  volume  previous_close  high-low  high-pc  low-pc    tr       atr  upperband  lowerband  in_uptrend
96 2021-11-02 16:04:00  44.21  44.35  44.16  44.31  181.38           44.24      0.19     0.11    0.08  0.19  0.131429  44.649286  43.860714       False
97 2021-11-02 16:05:00  44.30  44.30  44.22  44.23   74.63           44.31      0.08     0.01    0.09  0.09  0.134286  44.649286  43.857143       False
98 2021-11-02 16:06:00  44.24  44.30  44.24  44.30   18.07           44.23      0.06     0.07    0.01  0.07  0.130000  44.649286  43.880000       False
[MainProcess binance_dot_eur] [02.11.2021 17:07:44] -              timestamp   open   high    low  close  volume  previous_close  high-low  high-pc  low-pc    tr       atr  upperband  lowerband  in_uptrend
96 2021-11-02 16:04:00  44.21  44.35  44.16  44.31  181.38           44.24      0.19     0.11    0.08  0.19  0.131429  44.649286  43.860714       False
97 2021-11-02 16:05:00  44.30  44.30  44.22  44.23   74.63           44.31      0.08     0.01    0.09  0.09  0.134286  44.649286  43.857143       False
98 2021-11-02 16:06:00  44.24  44.30  44.24  44.30   18.07           44.23      0.06     0.07    0.01  0.07  0.130000  44.649286  43.880000       False
[MainProcess binance_shib_eur] [02.11.2021 17:07:44] -              timestamp   open   high    low  close  volume  previous_close  high-low  high-pc  low-pc    tr       atr  upperband  lowerband  in_uptrend
96 2021-11-02 16:04:00  44.21  44.35  44.16  44.31  181.38           44.24      0.19     0.11    0.08  0.19  0.131429  44.649286  43.860714       False
97 2021-11-02 16:05:00  44.30  44.30  44.22  44.23   74.63           44.31      0.08     0.01    0.09  0.09  0.134286  44.649286  43.857143       False
98 2021-11-02 16:06:00  44.24  44.30  44.24  44.30   18.07           44.23      0.06     0.07    0.01  0.07  0.130000  44.649286  43.880000       False
[MainProcess binance_shib_eur] [02.11.2021 17:07:48] -              timestamp    open    high     low   close  volume  previous_close  ...  high-pc  low-pc      tr       atr  upperband  lowerband  in_uptrend
96 2021-11-02 16:04:00  1.6789  1.6808  1.6789  1.6808   185.5          1.6808  ...   0.0000  0.0019  0.0019  0.003586   1.690607   1.669093       False
97 2021-11-02 16:05:00  1.6814  1.6820  1.6764  1.6764  3317.1          1.6808  ...   0.0012  0.0044  0.0056  0.004300   1.690607   1.666300       False
98 2021-11-02 16:06:00  1.6805  1.6805  1.6788  1.6788   646.7          1.6764  ...   0.0041  0.0024  0.0041  0.004514   1.690607   1.666107       False

[3 rows x 15 columns]
[MainProcess binance_matic_eur] [02.11.2021 17:07:52] -              timestamp      open      high       low     close        volume  ...        low-pc            tr           atr  upperband  lowerband  in_uptrend
96 2021-11-02 16:04:00  0.000059  0.000059  0.000059  0.000059  1.649178e+09  ...  1.800000e-07  1.800000e-07  2.157143e-07    0.00006   0.000058        True
97 2021-11-02 16:05:00  0.000059  0.000059  0.000059  0.000059  1.400634e+09  ...  1.100000e-07  1.600000e-07  2.114286e-07    0.00006   0.000058        True
98 2021-11-02 16:06:00  0.000059  0.000059  0.000059  0.000059  5.958304e+08  ...  5.000000e-08  1.100000e-07  2.042857e-07    0.00006   0.000058        True

[3 rows x 15 columns]
[MainProcess binance_dot_eur] [02.11.2021 17:07:53] -              timestamp      open      high       low     close        volume  ...        low-pc            tr           atr  upperband  lowerband  in_uptrend
96 2021-11-02 16:04:00  0.000059  0.000059  0.000059  0.000059  1.649178e+09  ...  1.800000e-07  1.800000e-07  2.157143e-07    0.00006   0.000058        True
97 2021-11-02 16:05:00  0.000059  0.000059  0.000059  0.000059  1.400634e+09  ...  1.100000e-07  1.600000e-07  2.114286e-07    0.00006   0.000058        True
98 2021-11-02 16:06:00  0.000059  0.000059  0.000059  0.000059  5.958304e+08  ...  5.000000e-08  1.100000e-07  2.042857e-07    0.00006   0.000058        True

[3 rows x 15 columns]
[MainProcess binance_matic_eur] [02.11.2021 17:07:55] -              timestamp   open   high    low  close  volume  previous_close  high-low  high-pc  low-pc    tr       atr  upperband  lowerband  in_uptrend
96 2021-11-02 16:04:00  44.21  44.35  44.16  44.31  181.38           44.24      0.19     0.11    0.08  0.19  0.131429  44.649286  43.860714       False
97 2021-11-02 16:05:00  44.30  44.30  44.22  44.23   74.63           44.31      0.08     0.01    0.09  0.09  0.134286  44.649286  43.857143       False
98 2021-11-02 16:06:00  44.24  44.30  44.24  44.30   18.07           44.23      0.06     0.07    0.01  0.07  0.130000  44.649286  43.880000       False
[MainProcess binance_dot_eur] [02.11.2021 17:07:55] -              timestamp   open   high    low  close  volume  previous_close  high-low  high-pc  low-pc    tr       atr  upperband  lowerband  in_uptrend
96 2021-11-02 16:04:00  44.21  44.35  44.16  44.31  181.38           44.24      0.19     0.11    0.08  0.19  0.131429  44.649286  43.860714       False
97 2021-11-02 16:05:00  44.30  44.30  44.22  44.23   74.63           44.31      0.08     0.01    0.09  0.09  0.134286  44.649286  43.857143       False
98 2021-11-02 16:06:00  44.24  44.30  44.24  44.30   18.07           44.23      0.06     0.07    0.01  0.07  0.130000  44.649286  43.880000       False
[MainProcess binance_shib_eur] [02.11.2021 17:07:56] -              timestamp   open   high    low  close  volume  previous_close  high-low  high-pc  low-pc    tr       atr  upperband  lowerband  in_uptrend
96 2021-11-02 16:04:00  44.21  44.35  44.16  44.31  181.38           44.24      0.19     0.11    0.08  0.19  0.131429  44.649286  43.860714       False
97 2021-11-02 16:05:00  44.30  44.30  44.22  44.23   74.63           44.31      0.08     0.01    0.09  0.09  0.134286  44.649286  43.857143       False
98 2021-11-02 16:06:00  44.24  44.30  44.24  44.30   18.07           44.23      0.06     0.07    0.01  0.07  0.130000  44.649286  43.880000       False
[MainProcess binance_matic_eur] [02.11.2021 17:07:58] -              timestamp    open    high     low   close  volume  previous_close  ...  high-pc  low-pc      tr       atr  upperband  lowerband  in_uptrend
96 2021-11-02 16:04:00  1.6789  1.6808  1.6789  1.6808   185.5          1.6808  ...   0.0000  0.0019  0.0019  0.003586   1.690607   1.669093       False
97 2021-11-02 16:05:00  1.6814  1.6820  1.6764  1.6764  3317.1          1.6808  ...   0.0012  0.0044  0.0056  0.004300   1.690607   1.666300       False
98 2021-11-02 16:06:00  1.6805  1.6805  1.6788  1.6788   646.7          1.6764  ...   0.0041  0.0024  0.0041  0.004514   1.690607   1.666107       False

[3 rows x 15 columns]
[MainProcess binance_shib_eur] [02.11.2021 17:07:58] -              timestamp    open    high     low   close  volume  previous_close  ...  high-pc  low-pc      tr       atr  upperband  lowerband  in_uptrend
96 2021-11-02 16:04:00  1.6789  1.6808  1.6789  1.6808   185.5          1.6808  ...   0.0000  0.0019  0.0019  0.003586   1.690607   1.669093       False
97 2021-11-02 16:05:00  1.6814  1.6820  1.6764  1.6764  3317.1          1.6808  ...   0.0012  0.0044  0.0056  0.004300   1.690607   1.666300       False
98 2021-11-02 16:06:00  1.6805  1.6805  1.6788  1.6788   646.7          1.6764  ...   0.0041  0.0024  0.0041  0.004514   1.690607   1.666107       False

[3 rows x 15 columns]
[MainProcess binance_dot_eur] [02.11.2021 17:07:58] -              timestamp    open    high     low   close  volume  previous_close  ...  high-pc  low-pc      tr       atr  upperband  lowerband  in_uptrend
96 2021-11-02 16:04:00  1.6789  1.6808  1.6789  1.6808   185.5          1.6808  ...   0.0000  0.0019  0.0019  0.003586   1.690607   1.669093       False
97 2021-11-02 16:05:00  1.6814  1.6820  1.6764  1.6764  3317.1          1.6808  ...   0.0012  0.0044  0.0056  0.004300   1.690607   1.666300       False
98 2021-11-02 16:06:00  1.6805  1.6805  1.6788  1.6788   646.7          1.6764  ...   0.0041  0.0024  0.0041  0.004514   1.690607   1.666107       False

[3 rows x 15 columns]
[MainProcess binance_matic_eur] [02.11.2021 17:08:04] -              timestamp      open      high       low     close        volume  ...        low-pc            tr           atr  upperband  lowerband  in_uptrend
96 2021-11-02 16:05:00  0.000059  0.000059  0.000059  0.000059  1.400634e+09  ...  1.100000e-07  1.600000e-07  2.114286e-07   0.000060   0.000058        True
97 2021-11-02 16:06:00  0.000059  0.000059  0.000059  0.000059  5.958304e+08  ...  5.000000e-08  1.100000e-07  2.042857e-07   0.000060   0.000058        True
98 2021-11-02 16:07:00  0.000059  0.000059  0.000059  0.000059  1.081913e+09  ...  1.600000e-07  2.100000e-07  1.700000e-07   0.000059   0.000058        True

[3 rows x 15 columns]
[MainProcess binance_shib_eur] [02.11.2021 17:08:04] -              timestamp      open      high       low     close        volume  ...        low-pc            tr           atr  upperband  lowerband  in_uptrend
96 2021-11-02 16:05:00  0.000059  0.000059  0.000059  0.000059  1.400634e+09  ...  1.100000e-07  1.600000e-07  2.114286e-07   0.000060   0.000058        True
97 2021-11-02 16:06:00  0.000059  0.000059  0.000059  0.000059  5.958304e+08  ...  5.000000e-08  1.100000e-07  2.042857e-07   0.000060   0.000058        True
98 2021-11-02 16:07:00  0.000059  0.000059  0.000059  0.000059  1.081913e+09  ...  1.600000e-07  2.100000e-07  1.700000e-07   0.000059   0.000058        True

[3 rows x 15 columns]
[MainProcess binance_dot_eur] [02.11.2021 17:08:04] -              timestamp      open      high       low     close        volume  ...        low-pc            tr           atr  upperband  lowerband  in_uptrend
96 2021-11-02 16:05:00  0.000059  0.000059  0.000059  0.000059  1.400634e+09  ...  1.100000e-07  1.600000e-07  2.114286e-07   0.000060   0.000058        True
97 2021-11-02 16:06:00  0.000059  0.000059  0.000059  0.000059  5.958304e+08  ...  5.000000e-08  1.100000e-07  2.042857e-07   0.000060   0.000058        True
98 2021-11-02 16:07:00  0.000059  0.000059  0.000059  0.000059  1.081913e+09  ...  1.600000e-07  2.100000e-07  1.700000e-07   0.000059   0.000058        True

[3 rows x 15 columns]
[MainProcess binance_shib_eur] [02.11.2021 17:08:06] -              timestamp   open   high    low  close  volume  previous_close  high-low  high-pc  low-pc    tr       atr  upperband  lowerband  in_uptrend
96 2021-11-02 16:05:00  44.30  44.30  44.22  44.23   74.63           44.31      0.08     0.01    0.09  0.09  0.134286  44.649286  43.857143       False
97 2021-11-02 16:06:00  44.24  44.30  44.24  44.30   18.07           44.23      0.06     0.07    0.01  0.07  0.130000  44.649286  43.880000       False
98 2021-11-02 16:07:00  44.32  44.42  44.31  44.39  467.63           44.30      0.11     0.12    0.01  0.12  0.120000  44.649286  44.005000       False
[MainProcess binance_dot_eur] [02.11.2021 17:08:06] -              timestamp   open   high    low  close  volume  previous_close  high-low  high-pc  low-pc    tr       atr  upperband  lowerband  in_uptrend
96 2021-11-02 16:05:00  44.30  44.30  44.22  44.23   74.63           44.31      0.08     0.01    0.09  0.09  0.134286  44.649286  43.857143       False
97 2021-11-02 16:06:00  44.24  44.30  44.24  44.30   18.07           44.23      0.06     0.07    0.01  0.07  0.130000  44.649286  43.880000       False
98 2021-11-02 16:07:00  44.32  44.42  44.31  44.39  467.63           44.30      0.11     0.12    0.01  0.12  0.120000  44.649286  44.005000       False
[MainProcess binance_matic_eur] [02.11.2021 17:08:09] -              timestamp    open    high     low   close  volume  previous_close  ...  high-pc  low-pc      tr       atr  upperband  lowerband  in_uptrend
96 2021-11-02 16:05:00  1.6814  1.6820  1.6764  1.6764  3317.1          1.6808  ...   0.0012  0.0044  0.0056  0.004300   1.690607   1.666300       False
97 2021-11-02 16:06:00  1.6805  1.6805  1.6788  1.6788   646.7          1.6764  ...   0.0041  0.0024  0.0041  0.004514   1.690607   1.666107       False
98 2021-11-02 16:07:00  1.6788  1.6794  1.6763  1.6763  2125.1          1.6788  ...   0.0006  0.0025  0.0031  0.004000   1.689850   1.665850       False

[3 rows x 15 columns]
[MainProcess binance_matic_eur] [02.11.2021 17:08:14] -              timestamp      open      high       low     close        volume  ...        low-pc            tr           atr  upperband  lowerband  in_uptrend
96 2021-11-02 16:05:00  0.000059  0.000059  0.000059  0.000059  1.400634e+09  ...  1.100000e-07  1.600000e-07  2.114286e-07   0.000060   0.000058        True
97 2021-11-02 16:06:00  0.000059  0.000059  0.000059  0.000059  5.958304e+08  ...  5.000000e-08  1.100000e-07  2.042857e-07   0.000060   0.000058        True
98 2021-11-02 16:07:00  0.000059  0.000059  0.000059  0.000059  1.081913e+09  ...  1.600000e-07  2.100000e-07  1.700000e-07   0.000059   0.000058        True

[3 rows x 15 columns]
[MainProcess binance_dot_eur] [02.11.2021 17:08:15] -              timestamp      open      high       low     close        volume  ...        low-pc            tr           atr  upperband  lowerband  in_uptrend
96 2021-11-02 16:05:00  0.000059  0.000059  0.000059  0.000059  1.400634e+09  ...  1.100000e-07  1.600000e-07  2.114286e-07   0.000060   0.000058        True
97 2021-11-02 16:06:00  0.000059  0.000059  0.000059  0.000059  5.958304e+08  ...  5.000000e-08  1.100000e-07  2.042857e-07   0.000060   0.000058        True
98 2021-11-02 16:07:00  0.000059  0.000059  0.000059  0.000059  1.081913e+09  ...  1.600000e-07  2.100000e-07  1.700000e-07   0.000059   0.000058        True

[3 rows x 15 columns]
[MainProcess binance_shib_eur] [02.11.2021 17:08:15] -              timestamp      open      high       low     close        volume  ...        low-pc            tr           atr  upperband  lowerband  in_uptrend
96 2021-11-02 16:05:00  0.000059  0.000059  0.000059  0.000059  1.400634e+09  ...  1.100000e-07  1.600000e-07  2.114286e-07   0.000060   0.000058        True
97 2021-11-02 16:06:00  0.000059  0.000059  0.000059  0.000059  5.958304e+08  ...  5.000000e-08  1.100000e-07  2.042857e-07   0.000060   0.000058        True
98 2021-11-02 16:07:00  0.000059  0.000059  0.000059  0.000059  1.081913e+09  ...  1.600000e-07  2.100000e-07  1.700000e-07   0.000059   0.000058        True

[3 rows x 15 columns]
[MainProcess binance_matic_eur] [02.11.2021 17:08:17] -              timestamp   open   high    low  close  volume  previous_close  high-low  high-pc  low-pc    tr       atr  upperband  lowerband  in_uptrend
96 2021-11-02 16:05:00  44.30  44.30  44.22  44.23   74.63           44.31      0.08     0.01    0.09  0.09  0.134286  44.649286  43.857143       False
97 2021-11-02 16:06:00  44.24  44.30  44.24  44.30   18.07           44.23      0.06     0.07    0.01  0.07  0.130000  44.649286  43.880000       False
98 2021-11-02 16:07:00  44.32  44.42  44.31  44.39  467.63           44.30      0.11     0.12    0.01  0.12  0.120000  44.649286  44.005000       False
[MainProcess binance_dot_eur] [02.11.2021 17:08:17] -              timestamp   open   high    low  close  volume  previous_close  high-low  high-pc  low-pc    tr       atr  upperband  lowerband  in_uptrend
96 2021-11-02 16:05:00  44.30  44.30  44.22  44.23   74.63           44.31      0.08     0.01    0.09  0.09  0.134286  44.649286  43.857143       False
97 2021-11-02 16:06:00  44.24  44.30  44.24  44.30   18.07           44.23      0.06     0.07    0.01  0.07  0.130000  44.649286  43.880000       False
98 2021-11-02 16:07:00  44.32  44.42  44.31  44.39  467.63           44.30      0.11     0.12    0.01  0.12  0.120000  44.649286  44.005000       False
[MainProcess binance_shib_eur] [02.11.2021 17:08:17] -              timestamp   open   high    low  close  volume  previous_close  high-low  high-pc  low-pc    tr       atr  upperband  lowerband  in_uptrend
96 2021-11-02 16:05:00  44.30  44.30  44.22  44.23   74.63           44.31      0.08     0.01    0.09  0.09  0.134286  44.649286  43.857143       False
97 2021-11-02 16:06:00  44.24  44.30  44.24  44.30   18.07           44.23      0.06     0.07    0.01  0.07  0.130000  44.649286  43.880000       False
98 2021-11-02 16:07:00  44.32  44.42  44.31  44.39  467.63           44.30      0.11     0.12    0.01  0.12  0.120000  44.649286  44.005000       False
[MainProcess binance_dot_eur] [02.11.2021 17:08:20] -              timestamp    open    high     low   close  volume  previous_close  ...  high-pc  low-pc      tr       atr  upperband  lowerband  in_uptrend
96 2021-11-02 16:05:00  1.6814  1.6820  1.6764  1.6764  3317.1          1.6808  ...   0.0012  0.0044  0.0056  0.004300   1.690607   1.666300       False
97 2021-11-02 16:06:00  1.6805  1.6805  1.6788  1.6788   646.7          1.6764  ...   0.0041  0.0024  0.0041  0.004514   1.690607   1.666107       False
98 2021-11-02 16:07:00  1.6788  1.6794  1.6763  1.6763  2125.1          1.6788  ...   0.0006  0.0025  0.0031  0.004000   1.689850   1.665850       False

[3 rows x 15 columns]
[MainProcess binance_matic_eur] [02.11.2021 17:08:21] -              timestamp    open    high     low   close  volume  previous_close  ...  high-pc  low-pc      tr       atr  upperband  lowerband  in_uptrend
96 2021-11-02 16:05:00  1.6814  1.6820  1.6764  1.6764  3317.1          1.6808  ...   0.0012  0.0044  0.0056  0.004300   1.690607   1.666300       False
97 2021-11-02 16:06:00  1.6805  1.6805  1.6788  1.6788   646.7          1.6764  ...   0.0041  0.0024  0.0041  0.004514   1.690607   1.666107       False
98 2021-11-02 16:07:00  1.6788  1.6794  1.6763  1.6763  2125.1          1.6788  ...   0.0006  0.0025  0.0031  0.004000   1.689850   1.665850       False

[3 rows x 15 columns]
[MainProcess binance_shib_eur] [02.11.2021 17:08:21] -              timestamp    open    high     low   close  volume  previous_close  ...  high-pc  low-pc      tr       atr  upperband  lowerband  in_uptrend
96 2021-11-02 16:05:00  1.6814  1.6820  1.6764  1.6764  3317.1          1.6808  ...   0.0012  0.0044  0.0056  0.004300   1.690607   1.666300       False
97 2021-11-02 16:06:00  1.6805  1.6805  1.6788  1.6788   646.7          1.6764  ...   0.0041  0.0024  0.0041  0.004514   1.690607   1.666107       False
98 2021-11-02 16:07:00  1.6788  1.6794  1.6763  1.6763  2125.1          1.6788  ...   0.0006  0.0025  0.0031  0.004000   1.689850   1.665850       False

[3 rows x 15 columns]
[MainProcess binance_matic_eur] [02.11.2021 17:08:25] -              timestamp      open      high       low     close        volume  ...        low-pc            tr           atr  upperband  lowerband  in_uptrend
96 2021-11-02 16:05:00  0.000059  0.000059  0.000059  0.000059  1.400634e+09  ...  1.100000e-07  1.600000e-07  2.114286e-07   0.000060   0.000058        True
97 2021-11-02 16:06:00  0.000059  0.000059  0.000059  0.000059  5.958304e+08  ...  5.000000e-08  1.100000e-07  2.042857e-07   0.000060   0.000058        True
98 2021-11-02 16:07:00  0.000059  0.000059  0.000059  0.000059  1.081913e+09  ...  1.600000e-07  2.100000e-07  1.700000e-07   0.000059   0.000058        True

[3 rows x 15 columns]
[MainProcess binance_shib_eur] [02.11.2021 17:08:26] -              timestamp      open      high       low     close        volume  ...        low-pc            tr           atr  upperband  lowerband  in_uptrend
96 2021-11-02 16:05:00  0.000059  0.000059  0.000059  0.000059  1.400634e+09  ...  1.100000e-07  1.600000e-07  2.114286e-07   0.000060   0.000058        True
97 2021-11-02 16:06:00  0.000059  0.000059  0.000059  0.000059  5.958304e+08  ...  5.000000e-08  1.100000e-07  2.042857e-07   0.000060   0.000058        True
98 2021-11-02 16:07:00  0.000059  0.000059  0.000059  0.000059  1.081913e+09  ...  1.600000e-07  2.100000e-07  1.700000e-07   0.000059   0.000058        True

[3 rows x 15 columns]
[MainProcess binance_matic_eur] [02.11.2021 17:08:28] -              timestamp   open   high    low  close  volume  previous_close  high-low  high-pc  low-pc    tr       atr  upperband  lowerband  in_uptrend
96 2021-11-02 16:05:00  44.30  44.30  44.22  44.23   74.63           44.31      0.08     0.01    0.09  0.09  0.134286  44.649286  43.857143       False
97 2021-11-02 16:06:00  44.24  44.30  44.24  44.30   18.07           44.23      0.06     0.07    0.01  0.07  0.130000  44.649286  43.880000       False
98 2021-11-02 16:07:00  44.32  44.42  44.31  44.39  467.63           44.30      0.11     0.12    0.01  0.12  0.120000  44.649286  44.005000       False
[MainProcess binance_shib_eur] [02.11.2021 17:08:28] -              timestamp   open   high    low  close  volume  previous_close  high-low  high-pc  low-pc    tr       atr  upperband  lowerband  in_uptrend
96 2021-11-02 16:05:00  44.30  44.30  44.22  44.23   74.63           44.31      0.08     0.01    0.09  0.09  0.134286  44.649286  43.857143       False
97 2021-11-02 16:06:00  44.24  44.30  44.24  44.30   18.07           44.23      0.06     0.07    0.01  0.07  0.130000  44.649286  43.880000       False
98 2021-11-02 16:07:00  44.32  44.42  44.31  44.39  467.63           44.30      0.11     0.12    0.01  0.12  0.120000  44.649286  44.005000       False
[MainProcess binance_dot_eur] [02.11.2021 17:08:28] -              timestamp   open   high    low  close  volume  previous_close  high-low  high-pc  low-pc    tr       atr  upperband  lowerband  in_uptrend
96 2021-11-02 16:05:00  44.30  44.30  44.22  44.23   74.63           44.31      0.08     0.01    0.09  0.09  0.134286  44.649286  43.857143       False
97 2021-11-02 16:06:00  44.24  44.30  44.24  44.30   18.07           44.23      0.06     0.07    0.01  0.07  0.130000  44.649286  43.880000       False
98 2021-11-02 16:07:00  44.32  44.42  44.31  44.39  467.63           44.30      0.11     0.12    0.01  0.12  0.120000  44.649286  44.005000       False
[MainProcess binance_matic_eur] [02.11.2021 17:08:32] -              timestamp    open    high     low   close  volume  previous_close  ...  high-pc  low-pc      tr       atr  upperband  lowerband  in_uptrend
96 2021-11-02 16:05:00  1.6814  1.6820  1.6764  1.6764  3317.1          1.6808  ...   0.0012  0.0044  0.0056  0.004300   1.690607   1.666300       False
97 2021-11-02 16:06:00  1.6805  1.6805  1.6788  1.6788   646.7          1.6764  ...   0.0041  0.0024  0.0041  0.004514   1.690607   1.666107       False
98 2021-11-02 16:07:00  1.6788  1.6794  1.6763  1.6763  2125.1          1.6788  ...   0.0006  0.0025  0.0031  0.004000   1.689850   1.665850       False

[3 rows x 15 columns]
[MainProcess binance_shib_eur] [02.11.2021 17:08:32] -              timestamp    open    high     low   close  volume  previous_close  ...  high-pc  low-pc      tr       atr  upperband  lowerband  in_uptrend
96 2021-11-02 16:05:00  1.6814  1.6820  1.6764  1.6764  3317.1          1.6808  ...   0.0012  0.0044  0.0056  0.004300   1.690607   1.666300       False
97 2021-11-02 16:06:00  1.6805  1.6805  1.6788  1.6788   646.7          1.6764  ...   0.0041  0.0024  0.0041  0.004514   1.690607   1.666107       False
98 2021-11-02 16:07:00  1.6788  1.6794  1.6763  1.6763  2125.1          1.6788  ...   0.0006  0.0025  0.0031  0.004000   1.689850   1.665850       False

[3 rows x 15 columns]
[MainProcess binance_dot_eur] [02.11.2021 17:08:32] -              timestamp    open    high     low   close  volume  previous_close  ...  high-pc  low-pc      tr       atr  upperband  lowerband  in_uptrend
96 2021-11-02 16:05:00  1.6814  1.6820  1.6764  1.6764  3317.1          1.6808  ...   0.0012  0.0044  0.0056  0.004300   1.690607   1.666300       False
97 2021-11-02 16:06:00  1.6805  1.6805  1.6788  1.6788   646.7          1.6764  ...   0.0041  0.0024  0.0041  0.004514   1.690607   1.666107       False
98 2021-11-02 16:07:00  1.6788  1.6794  1.6763  1.6763  2125.1          1.6788  ...   0.0006  0.0025  0.0031  0.004000   1.689850   1.665850       False

[3 rows x 15 columns]
[MainProcess binance_matic_eur] [02.11.2021 17:08:37] -              timestamp      open      high       low     close        volume  ...        low-pc            tr           atr  upperband  lowerband  in_uptrend
96 2021-11-02 16:05:00  0.000059  0.000059  0.000059  0.000059  1.400634e+09  ...  1.100000e-07  1.600000e-07  2.114286e-07   0.000060   0.000058        True
97 2021-11-02 16:06:00  0.000059  0.000059  0.000059  0.000059  5.958304e+08  ...  5.000000e-08  1.100000e-07  2.042857e-07   0.000060   0.000058        True
98 2021-11-02 16:07:00  0.000059  0.000059  0.000059  0.000059  1.081913e+09  ...  1.600000e-07  2.100000e-07  1.700000e-07   0.000059   0.000058        True

[3 rows x 15 columns]
[MainProcess binance_shib_eur] [02.11.2021 17:08:37] -              timestamp      open      high       low     close        volume  ...        low-pc            tr           atr  upperband  lowerband  in_uptrend
96 2021-11-02 16:05:00  0.000059  0.000059  0.000059  0.000059  1.400634e+09  ...  1.100000e-07  1.600000e-07  2.114286e-07   0.000060   0.000058        True
97 2021-11-02 16:06:00  0.000059  0.000059  0.000059  0.000059  5.958304e+08  ...  5.000000e-08  1.100000e-07  2.042857e-07   0.000060   0.000058        True
98 2021-11-02 16:07:00  0.000059  0.000059  0.000059  0.000059  1.081913e+09  ...  1.600000e-07  2.100000e-07  1.700000e-07   0.000059   0.000058        True

[3 rows x 15 columns]
[MainProcess binance_dot_eur] [02.11.2021 17:08:38] -              timestamp      open      high       low     close        volume  ...        low-pc            tr           atr  upperband  lowerband  in_uptrend
96 2021-11-02 16:05:00  0.000059  0.000059  0.000059  0.000059  1.400634e+09  ...  1.100000e-07  1.600000e-07  2.114286e-07   0.000060   0.000058        True
97 2021-11-02 16:06:00  0.000059  0.000059  0.000059  0.000059  5.958304e+08  ...  5.000000e-08  1.100000e-07  2.042857e-07   0.000060   0.000058        True
98 2021-11-02 16:07:00  0.000059  0.000059  0.000059  0.000059  1.081913e+09  ...  1.600000e-07  2.100000e-07  1.700000e-07   0.000059   0.000058        True

[3 rows x 15 columns]
[MainProcess binance_matic_eur] [02.11.2021 17:08:39] -              timestamp   open   high    low  close  volume  previous_close  high-low  high-pc  low-pc    tr       atr  upperband  lowerband  in_uptrend
96 2021-11-02 16:05:00  44.30  44.30  44.22  44.23   74.63           44.31      0.08     0.01    0.09  0.09  0.134286  44.649286  43.857143       False
97 2021-11-02 16:06:00  44.24  44.30  44.24  44.30   18.07           44.23      0.06     0.07    0.01  0.07  0.130000  44.649286  43.880000       False
98 2021-11-02 16:07:00  44.32  44.42  44.31  44.39  467.63           44.30      0.11     0.12    0.01  0.12  0.120000  44.649286  44.005000       False
[MainProcess binance_shib_eur] [02.11.2021 17:08:39] -              timestamp   open   high    low  close  volume  previous_close  high-low  high-pc  low-pc    tr       atr  upperband  lowerband  in_uptrend
96 2021-11-02 16:05:00  44.30  44.30  44.22  44.23   74.63           44.31      0.08     0.01    0.09  0.09  0.134286  44.649286  43.857143       False
97 2021-11-02 16:06:00  44.24  44.30  44.24  44.30   18.07           44.23      0.06     0.07    0.01  0.07  0.130000  44.649286  43.880000       False
98 2021-11-02 16:07:00  44.32  44.42  44.31  44.39  467.63           44.30      0.11     0.12    0.01  0.12  0.120000  44.649286  44.005000       False
[MainProcess binance_dot_eur] [02.11.2021 17:08:39] -              timestamp   open   high    low  close  volume  previous_close  high-low  high-pc  low-pc    tr       atr  upperband  lowerband  in_uptrend
96 2021-11-02 16:05:00  44.30  44.30  44.22  44.23   74.63           44.31      0.08     0.01    0.09  0.09  0.134286  44.649286  43.857143       False
97 2021-11-02 16:06:00  44.24  44.30  44.24  44.30   18.07           44.23      0.06     0.07    0.01  0.07  0.130000  44.649286  43.880000       False
98 2021-11-02 16:07:00  44.32  44.42  44.31  44.39  467.63           44.30      0.11     0.12    0.01  0.12  0.120000  44.649286  44.005000       False
[MainProcess binance_matic_eur] [02.11.2021 17:08:43] -              timestamp    open    high     low   close  volume  previous_close  ...  high-pc  low-pc      tr       atr  upperband  lowerband  in_uptrend
96 2021-11-02 16:05:00  1.6814  1.6820  1.6764  1.6764  3317.1          1.6808  ...   0.0012  0.0044  0.0056  0.004300   1.690607   1.666300       False
97 2021-11-02 16:06:00  1.6805  1.6805  1.6788  1.6788   646.7          1.6764  ...   0.0041  0.0024  0.0041  0.004514   1.690607   1.666107       False
98 2021-11-02 16:07:00  1.6788  1.6794  1.6763  1.6763  2125.1          1.6788  ...   0.0006  0.0025  0.0031  0.004000   1.689850   1.665850       False

[3 rows x 15 columns]
[MainProcess binance_shib_eur] [02.11.2021 17:08:43] -              timestamp    open    high     low   close  volume  previous_close  ...  high-pc  low-pc      tr       atr  upperband  lowerband  in_uptrend
96 2021-11-02 16:05:00  1.6814  1.6820  1.6764  1.6764  3317.1          1.6808  ...   0.0012  0.0044  0.0056  0.004300   1.690607   1.666300       False
97 2021-11-02 16:06:00  1.6805  1.6805  1.6788  1.6788   646.7          1.6764  ...   0.0041  0.0024  0.0041  0.004514   1.690607   1.666107       False
98 2021-11-02 16:07:00  1.6788  1.6794  1.6763  1.6763  2125.1          1.6788  ...   0.0006  0.0025  0.0031  0.004000   1.689850   1.665850       False

[3 rows x 15 columns]
[MainProcess binance_dot_eur] [02.11.2021 17:08:43] -              timestamp    open    high     low   close  volume  previous_close  ...  high-pc  low-pc      tr       atr  upperband  lowerband  in_uptrend
96 2021-11-02 16:05:00  1.6814  1.6820  1.6764  1.6764  3317.1          1.6808  ...   0.0012  0.0044  0.0056  0.004300   1.690607   1.666300       False
97 2021-11-02 16:06:00  1.6805  1.6805  1.6788  1.6788   646.7          1.6764  ...   0.0041  0.0024  0.0041  0.004514   1.690607   1.666107       False
98 2021-11-02 16:07:00  1.6788  1.6794  1.6763  1.6763  2125.1          1.6788  ...   0.0006  0.0025  0.0031  0.004000   1.689850   1.665850       False

[3 rows x 15 columns]
[MainProcess binance_matic_eur] [02.11.2021 17:08:48] -              timestamp      open      high       low     close        volume  ...        low-pc            tr           atr  upperband  lowerband  in_uptrend
96 2021-11-02 16:05:00  0.000059  0.000059  0.000059  0.000059  1.400634e+09  ...  1.100000e-07  1.600000e-07  2.114286e-07   0.000060   0.000058        True
97 2021-11-02 16:06:00  0.000059  0.000059  0.000059  0.000059  5.958304e+08  ...  5.000000e-08  1.100000e-07  2.042857e-07   0.000060   0.000058        True
98 2021-11-02 16:07:00  0.000059  0.000059  0.000059  0.000059  1.081913e+09  ...  1.600000e-07  2.100000e-07  1.700000e-07   0.000059   0.000058        True

[3 rows x 15 columns]
[MainProcess binance_shib_eur] [02.11.2021 17:08:49] -              timestamp      open      high       low     close        volume  ...        low-pc            tr           atr  upperband  lowerband  in_uptrend
96 2021-11-02 16:05:00  0.000059  0.000059  0.000059  0.000059  1.400634e+09  ...  1.100000e-07  1.600000e-07  2.114286e-07   0.000060   0.000058        True
97 2021-11-02 16:06:00  0.000059  0.000059  0.000059  0.000059  5.958304e+08  ...  5.000000e-08  1.100000e-07  2.042857e-07   0.000060   0.000058        True
98 2021-11-02 16:07:00  0.000059  0.000059  0.000059  0.000059  1.081913e+09  ...  1.600000e-07  2.100000e-07  1.700000e-07   0.000059   0.000058        True

[3 rows x 15 columns]
[MainProcess binance_dot_eur] [02.11.2021 17:08:49] -              timestamp      open      high       low     close        volume  ...        low-pc            tr           atr  upperband  lowerband  in_uptrend
96 2021-11-02 16:05:00  0.000059  0.000059  0.000059  0.000059  1.400634e+09  ...  1.100000e-07  1.600000e-07  2.114286e-07   0.000060   0.000058        True
97 2021-11-02 16:06:00  0.000059  0.000059  0.000059  0.000059  5.958304e+08  ...  5.000000e-08  1.100000e-07  2.042857e-07   0.000060   0.000058        True
98 2021-11-02 16:07:00  0.000059  0.000059  0.000059  0.000059  1.081913e+09  ...  1.600000e-07  2.100000e-07  1.700000e-07   0.000059   0.000058        True

[3 rows x 15 columns]
[MainProcess binance_matic_eur] [02.11.2021 17:08:50] -              timestamp   open   high    low  close  volume  previous_close  high-low  high-pc  low-pc    tr       atr  upperband  lowerband  in_uptrend
96 2021-11-02 16:05:00  44.30  44.30  44.22  44.23   74.63           44.31      0.08     0.01    0.09  0.09  0.134286  44.649286  43.857143       False
97 2021-11-02 16:06:00  44.24  44.30  44.24  44.30   18.07           44.23      0.06     0.07    0.01  0.07  0.130000  44.649286  43.880000       False
98 2021-11-02 16:07:00  44.32  44.42  44.31  44.39  467.63           44.30      0.11     0.12    0.01  0.12  0.120000  44.649286  44.005000       False
[MainProcess binance_shib_eur] [02.11.2021 17:08:50] -              timestamp   open   high    low  close  volume  previous_close  high-low  high-pc  low-pc    tr       atr  upperband  lowerband  in_uptrend
96 2021-11-02 16:05:00  44.30  44.30  44.22  44.23   74.63           44.31      0.08     0.01    0.09  0.09  0.134286  44.649286  43.857143       False
97 2021-11-02 16:06:00  44.24  44.30  44.24  44.30   18.07           44.23      0.06     0.07    0.01  0.07  0.130000  44.649286  43.880000       False
98 2021-11-02 16:07:00  44.32  44.42  44.31  44.39  467.63           44.30      0.11     0.12    0.01  0.12  0.120000  44.649286  44.005000       False
[MainProcess binance_dot_eur] [02.11.2021 17:08:50] -              timestamp   open   high    low  close  volume  previous_close  high-low  high-pc  low-pc    tr       atr  upperband  lowerband  in_uptrend
96 2021-11-02 16:05:00  44.30  44.30  44.22  44.23   74.63           44.31      0.08     0.01    0.09  0.09  0.134286  44.649286  43.857143       False
97 2021-11-02 16:06:00  44.24  44.30  44.24  44.30   18.07           44.23      0.06     0.07    0.01  0.07  0.130000  44.649286  43.880000       False
98 2021-11-02 16:07:00  44.32  44.42  44.31  44.39  467.63           44.30      0.11     0.12    0.01  0.12  0.120000  44.649286  44.005000       False
[MainProcess binance_matic_eur] [02.11.2021 17:08:54] -              timestamp    open    high     low   close  volume  previous_close  ...  high-pc  low-pc      tr       atr  upperband  lowerband  in_uptrend
96 2021-11-02 16:05:00  1.6814  1.6820  1.6764  1.6764  3317.1          1.6808  ...   0.0012  0.0044  0.0056  0.004300   1.690607   1.666300       False
97 2021-11-02 16:06:00  1.6805  1.6805  1.6788  1.6788   646.7          1.6764  ...   0.0041  0.0024  0.0041  0.004514   1.690607   1.666107       False
98 2021-11-02 16:07:00  1.6788  1.6794  1.6763  1.6763  2125.1          1.6788  ...   0.0006  0.0025  0.0031  0.004000   1.689850   1.665850       False

[3 rows x 15 columns]
[MainProcess binance_shib_eur] [02.11.2021 17:08:54] -              timestamp    open    high     low   close  volume  previous_close  ...  high-pc  low-pc      tr       atr  upperband  lowerband  in_uptrend
96 2021-11-02 16:05:00  1.6814  1.6820  1.6764  1.6764  3317.1          1.6808  ...   0.0012  0.0044  0.0056  0.004300   1.690607   1.666300       False
97 2021-11-02 16:06:00  1.6805  1.6805  1.6788  1.6788   646.7          1.6764  ...   0.0041  0.0024  0.0041  0.004514   1.690607   1.666107       False
98 2021-11-02 16:07:00  1.6788  1.6794  1.6763  1.6763  2125.1          1.6788  ...   0.0006  0.0025  0.0031  0.004000   1.689850   1.665850       False

[3 rows x 15 columns]
[MainProcess binance_matic_eur] [02.11.2021 17:09:00] -              timestamp      open      high       low     close        volume  ...        low-pc            tr           atr  upperband  lowerband  in_uptrend
96 2021-11-02 16:05:00  0.000059  0.000059  0.000059  0.000059  1.400634e+09  ...  1.100000e-07  1.600000e-07  2.114286e-07   0.000060   0.000058        True
97 2021-11-02 16:06:00  0.000059  0.000059  0.000059  0.000059  5.958304e+08  ...  5.000000e-08  1.100000e-07  2.042857e-07   0.000060   0.000058        True
98 2021-11-02 16:07:00  0.000059  0.000059  0.000059  0.000059  1.081913e+09  ...  1.600000e-07  2.100000e-07  1.700000e-07   0.000059   0.000058        True

[3 rows x 15 columns]
[MainProcess binance_dot_eur] [02.11.2021 17:09:00] -              timestamp      open      high       low     close        volume  ...        low-pc            tr           atr  upperband  lowerband  in_uptrend
96 2021-11-02 16:05:00  0.000059  0.000059  0.000059  0.000059  1.400634e+09  ...  1.100000e-07  1.600000e-07  2.114286e-07   0.000060   0.000058        True
97 2021-11-02 16:06:00  0.000059  0.000059  0.000059  0.000059  5.958304e+08  ...  5.000000e-08  1.100000e-07  2.042857e-07   0.000060   0.000058        True
98 2021-11-02 16:07:00  0.000059  0.000059  0.000059  0.000059  1.081913e+09  ...  1.600000e-07  2.100000e-07  1.700000e-07   0.000059   0.000058        True

[3 rows x 15 columns]
[MainProcess binance_shib_eur] [02.11.2021 17:09:00] -              timestamp      open      high       low     close        volume  ...        low-pc            tr           atr  upperband  lowerband  in_uptrend
96 2021-11-02 16:05:00  0.000059  0.000059  0.000059  0.000059  1.400634e+09  ...  1.100000e-07  1.600000e-07  2.114286e-07   0.000060   0.000058        True
97 2021-11-02 16:06:00  0.000059  0.000059  0.000059  0.000059  5.958304e+08  ...  5.000000e-08  1.100000e-07  2.042857e-07   0.000060   0.000058        True
98 2021-11-02 16:07:00  0.000059  0.000059  0.000059  0.000059  1.081913e+09  ...  1.600000e-07  2.100000e-07  1.700000e-07   0.000059   0.000058        True

[3 rows x 15 columns]
[MainProcess binance_matic_eur] [02.11.2021 17:09:01] -              timestamp   open   high    low  close  volume  previous_close  high-low  high-pc  low-pc    tr       atr  upperband  lowerband  in_uptrend
96 2021-11-02 16:05:00  44.30  44.30  44.22  44.23   74.63           44.31      0.08     0.01    0.09  0.09  0.134286  44.649286  43.857143       False
97 2021-11-02 16:06:00  44.24  44.30  44.24  44.30   18.07           44.23      0.06     0.07    0.01  0.07  0.130000  44.649286  43.880000       False
98 2021-11-02 16:07:00  44.32  44.42  44.31  44.39  467.63           44.30      0.11     0.12    0.01  0.12  0.120000  44.649286  44.005000       False
[MainProcess binance_dot_eur] [02.11.2021 17:09:01] -              timestamp   open   high    low  close  volume  previous_close  high-low  high-pc  low-pc    tr       atr  upperband  lowerband  in_uptrend
96 2021-11-02 16:05:00  44.30  44.30  44.22  44.23   74.63           44.31      0.08     0.01    0.09  0.09  0.134286  44.649286  43.857143       False
97 2021-11-02 16:06:00  44.24  44.30  44.24  44.30   18.07           44.23      0.06     0.07    0.01  0.07  0.130000  44.649286  43.880000       False
98 2021-11-02 16:07:00  44.32  44.42  44.31  44.39  467.63           44.30      0.11     0.12    0.01  0.12  0.120000  44.649286  44.005000       False
[MainProcess binance_shib_eur] [02.11.2021 17:09:02] -              timestamp   open   high    low  close  volume  previous_close  high-low  high-pc  low-pc    tr       atr  upperband  lowerband  in_uptrend
96 2021-11-02 16:06:00  44.24  44.30  44.24  44.30   18.07           44.23      0.06     0.07    0.01  0.07  0.130000  44.649286  43.880000       False
97 2021-11-02 16:07:00  44.32  44.42  44.31  44.39  467.63           44.30      0.11     0.12    0.01  0.12  0.120000  44.649286  44.005000       False
98 2021-11-02 16:08:00  44.44  44.47  44.36  44.36  274.17           44.39      0.11     0.08    0.03  0.11  0.121429  44.649286  44.050714       False
[MainProcess binance_shib_eur] [02.11.2021 17:09:05] -              timestamp    open    high     low   close  volume  previous_close  ...  high-pc  low-pc      tr       atr  upperband  lowerband  in_uptrend
96 2021-11-02 16:05:00  1.6814  1.6820  1.6764  1.6764  3317.1          1.6808  ...   0.0012  0.0044  0.0056  0.004300   1.690607   1.666300       False
97 2021-11-02 16:06:00  1.6805  1.6805  1.6788  1.6788   646.7          1.6764  ...   0.0041  0.0024  0.0041  0.004514   1.690607   1.666107       False
98 2021-11-02 16:07:00  1.6788  1.6794  1.6763  1.6763  2125.1          1.6788  ...   0.0006  0.0025  0.0031  0.004000   1.689850   1.665850       False

[3 rows x 15 columns]
[MainProcess binance_matic_eur] [02.11.2021 17:09:05] -              timestamp    open    high     low   close  volume  previous_close  ...  high-pc  low-pc      tr       atr  upperband  lowerband  in_uptrend
96 2021-11-02 16:05:00  1.6814  1.6820  1.6764  1.6764  3317.1          1.6808  ...   0.0012  0.0044  0.0056  0.004300   1.690607   1.666300       False
97 2021-11-02 16:06:00  1.6805  1.6805  1.6788  1.6788   646.7          1.6764  ...   0.0041  0.0024  0.0041  0.004514   1.690607   1.666107       False
98 2021-11-02 16:07:00  1.6788  1.6794  1.6763  1.6763  2125.1          1.6788  ...   0.0006  0.0025  0.0031  0.004000   1.689850   1.665850       False

[3 rows x 15 columns]
[MainProcess binance_dot_eur] [02.11.2021 17:09:06] -              timestamp    open    high     low   close  volume  previous_close  ...  high-pc  low-pc      tr       atr  upperband  lowerband  in_uptrend
96 2021-11-02 16:05:00  1.6814  1.6820  1.6764  1.6764  3317.1          1.6808  ...   0.0012  0.0044  0.0056  0.004300   1.690607   1.666300       False
97 2021-11-02 16:06:00  1.6805  1.6805  1.6788  1.6788   646.7          1.6764  ...   0.0041  0.0024  0.0041  0.004514   1.690607   1.666107       False
98 2021-11-02 16:07:00  1.6788  1.6794  1.6763  1.6763  2125.1          1.6788  ...   0.0006  0.0025  0.0031  0.004000   1.689850   1.665850       False

[3 rows x 15 columns]
[MainProcess binance_shib_eur] [02.11.2021 17:09:11] -              timestamp      open      high       low     close        volume  ...        low-pc            tr           atr  upperband  lowerband  in_uptrend
96 2021-11-02 16:06:00  0.000059  0.000059  0.000059  0.000059  5.958304e+08  ...  5.000000e-08  1.100000e-07  2.042857e-07   0.000060   0.000058        True
97 2021-11-02 16:07:00  0.000059  0.000059  0.000059  0.000059  1.081913e+09  ...  1.600000e-07  2.100000e-07  1.700000e-07   0.000059   0.000058        True
98 2021-11-02 16:08:00  0.000059  0.000059  0.000058  0.000058  5.888234e+08  ...  2.600000e-07  2.900000e-07  1.857143e-07   0.000059   0.000058        True

[3 rows x 15 columns]
[MainProcess binance_matic_eur] [02.11.2021 17:09:11] -              timestamp      open      high       low     close        volume  ...        low-pc            tr           atr  upperband  lowerband  in_uptrend
96 2021-11-02 16:06:00  0.000059  0.000059  0.000059  0.000059  5.958304e+08  ...  5.000000e-08  1.100000e-07  2.042857e-07   0.000060   0.000058        True
97 2021-11-02 16:07:00  0.000059  0.000059  0.000059  0.000059  1.081913e+09  ...  1.600000e-07  2.100000e-07  1.700000e-07   0.000059   0.000058        True
98 2021-11-02 16:08:00  0.000059  0.000059  0.000058  0.000058  5.888234e+08  ...  2.600000e-07  2.900000e-07  1.857143e-07   0.000059   0.000058        True

[3 rows x 15 columns]
[MainProcess binance_dot_eur] [02.11.2021 17:09:11] -              timestamp      open      high       low     close        volume  ...        low-pc            tr           atr  upperband  lowerband  in_uptrend
96 2021-11-02 16:06:00  0.000059  0.000059  0.000059  0.000059  5.958304e+08  ...  5.000000e-08  1.100000e-07  2.042857e-07   0.000060   0.000058        True
97 2021-11-02 16:07:00  0.000059  0.000059  0.000059  0.000059  1.081913e+09  ...  1.600000e-07  2.100000e-07  1.700000e-07   0.000059   0.000058        True
98 2021-11-02 16:08:00  0.000059  0.000059  0.000058  0.000058  5.888234e+08  ...  2.600000e-07  2.900000e-07  1.857143e-07   0.000059   0.000058        True

[3 rows x 15 columns]
[MainProcess binance_dot_eur] [02.11.2021 17:09:12] -              timestamp   open   high    low  close  volume  previous_close  high-low  high-pc  low-pc    tr       atr  upperband  lowerband  in_uptrend
96 2021-11-02 16:06:00  44.24  44.30  44.24  44.30   18.07           44.23      0.06     0.07    0.01  0.07  0.130000  44.649286  43.880000       False
97 2021-11-02 16:07:00  44.32  44.42  44.31  44.39  467.63           44.30      0.11     0.12    0.01  0.12  0.120000  44.649286  44.005000       False
98 2021-11-02 16:08:00  44.44  44.47  44.36  44.36  274.17           44.39      0.11     0.08    0.03  0.11  0.121429  44.649286  44.050714       False
[MainProcess binance_shib_eur] [02.11.2021 17:09:16] -              timestamp    open    high     low   close  volume  previous_close  ...  high-pc  low-pc      tr       atr  upperband  lowerband  in_uptrend
96 2021-11-02 16:06:00  1.6805  1.6805  1.6788  1.6788   646.7          1.6764  ...   0.0041  0.0024  0.0041  0.004514   1.690607   1.666107       False
97 2021-11-02 16:07:00  1.6788  1.6794  1.6763  1.6763  2125.1          1.6788  ...   0.0006  0.0025  0.0031  0.004000   1.689850   1.665850       False
98 2021-11-02 16:08:00  1.6753  1.6769  1.6723  1.6723  1211.8          1.6763  ...   0.0006  0.0040  0.0046  0.004129   1.686986   1.662214       False

[3 rows x 15 columns]
[MainProcess binance_matic_eur] [02.11.2021 17:09:16] -              timestamp    open    high     low   close  volume  previous_close  ...  high-pc  low-pc      tr       atr  upperband  lowerband  in_uptrend
96 2021-11-02 16:06:00  1.6805  1.6805  1.6788  1.6788   646.7          1.6764  ...   0.0041  0.0024  0.0041  0.004514   1.690607   1.666107       False
97 2021-11-02 16:07:00  1.6788  1.6794  1.6763  1.6763  2125.1          1.6788  ...   0.0006  0.0025  0.0031  0.004000   1.689850   1.665850       False
98 2021-11-02 16:08:00  1.6753  1.6769  1.6723  1.6723  1211.8          1.6763  ...   0.0006  0.0040  0.0046  0.004129   1.686986   1.662214       False

[3 rows x 15 columns]
[MainProcess binance_shib_eur] [02.11.2021 17:09:22] -              timestamp      open      high       low     close        volume  ...        low-pc            tr           atr  upperband  lowerband  in_uptrend
96 2021-11-02 16:06:00  0.000059  0.000059  0.000059  0.000059  5.958304e+08  ...  5.000000e-08  1.100000e-07  2.042857e-07   0.000060   0.000058        True
97 2021-11-02 16:07:00  0.000059  0.000059  0.000059  0.000059  1.081913e+09  ...  1.600000e-07  2.100000e-07  1.700000e-07   0.000059   0.000058        True
98 2021-11-02 16:08:00  0.000059  0.000059  0.000058  0.000058  5.888234e+08  ...  2.600000e-07  2.900000e-07  1.857143e-07   0.000059   0.000058        True

[3 rows x 15 columns]
[MainProcess binance_matic_eur] [02.11.2021 17:09:22] -              timestamp      open      high       low     close        volume  ...        low-pc            tr           atr  upperband  lowerband  in_uptrend
96 2021-11-02 16:06:00  0.000059  0.000059  0.000059  0.000059  5.958304e+08  ...  5.000000e-08  1.100000e-07  2.042857e-07   0.000060   0.000058        True
97 2021-11-02 16:07:00  0.000059  0.000059  0.000059  0.000059  1.081913e+09  ...  1.600000e-07  2.100000e-07  1.700000e-07   0.000059   0.000058        True
98 2021-11-02 16:08:00  0.000059  0.000059  0.000058  0.000058  5.888234e+08  ...  2.600000e-07  2.900000e-07  1.857143e-07   0.000059   0.000058        True

[3 rows x 15 columns]
[MainProcess binance_dot_eur] [02.11.2021 17:09:22] -              timestamp      open      high       low     close        volume  ...        low-pc            tr           atr  upperband  lowerband  in_uptrend
96 2021-11-02 16:06:00  0.000059  0.000059  0.000059  0.000059  5.958304e+08  ...  5.000000e-08  1.100000e-07  2.042857e-07   0.000060   0.000058        True
97 2021-11-02 16:07:00  0.000059  0.000059  0.000059  0.000059  1.081913e+09  ...  1.600000e-07  2.100000e-07  1.700000e-07   0.000059   0.000058        True
98 2021-11-02 16:08:00  0.000059  0.000059  0.000058  0.000058  5.888234e+08  ...  2.600000e-07  2.900000e-07  1.857143e-07   0.000059   0.000058        True

[3 rows x 15 columns]
[MainProcess binance_matic_eur] [02.11.2021 17:09:24] -              timestamp   open   high    low  close  volume  previous_close  high-low  high-pc  low-pc    tr       atr  upperband  lowerband  in_uptrend
96 2021-11-02 16:06:00  44.24  44.30  44.24  44.30   18.07           44.23      0.06     0.07    0.01  0.07  0.130000  44.649286  43.880000       False
97 2021-11-02 16:07:00  44.32  44.42  44.31  44.39  467.63           44.30      0.11     0.12    0.01  0.12  0.120000  44.649286  44.005000       False
98 2021-11-02 16:08:00  44.44  44.47  44.36  44.36  274.17           44.39      0.11     0.08    0.03  0.11  0.121429  44.649286  44.050714       False
[MainProcess binance_shib_eur] [02.11.2021 17:09:24] -              timestamp   open   high    low  close  volume  previous_close  high-low  high-pc  low-pc    tr       atr  upperband  lowerband  in_uptrend
96 2021-11-02 16:06:00  44.24  44.30  44.24  44.30   18.07           44.23      0.06     0.07    0.01  0.07  0.130000  44.649286  43.880000       False
97 2021-11-02 16:07:00  44.32  44.42  44.31  44.39  467.63           44.30      0.11     0.12    0.01  0.12  0.120000  44.649286  44.005000       False
98 2021-11-02 16:08:00  44.44  44.47  44.36  44.36  274.17           44.39      0.11     0.08    0.03  0.11  0.121429  44.649286  44.050714       False
[MainProcess binance_dot_eur] [02.11.2021 17:09:24] -              timestamp   open   high    low  close  volume  previous_close  high-low  high-pc  low-pc    tr       atr  upperband  lowerband  in_uptrend
96 2021-11-02 16:06:00  44.24  44.30  44.24  44.30   18.07           44.23      0.06     0.07    0.01  0.07  0.130000  44.649286  43.880000       False
97 2021-11-02 16:07:00  44.32  44.42  44.31  44.39  467.63           44.30      0.11     0.12    0.01  0.12  0.120000  44.649286  44.005000       False
98 2021-11-02 16:08:00  44.44  44.47  44.36  44.36  274.17           44.39      0.11     0.08    0.03  0.11  0.121429  44.649286  44.050714       False
[MainProcess binance_matic_eur] [02.11.2021 17:09:27] -              timestamp    open    high     low   close  volume  previous_close  ...  high-pc  low-pc      tr       atr  upperband  lowerband  in_uptrend
96 2021-11-02 16:06:00  1.6805  1.6805  1.6788  1.6788   646.7          1.6764  ...   0.0041  0.0024  0.0041  0.004514   1.690607   1.666107       False
97 2021-11-02 16:07:00  1.6788  1.6794  1.6763  1.6763  2125.1          1.6788  ...   0.0006  0.0025  0.0031  0.004000   1.689850   1.665850       False
98 2021-11-02 16:08:00  1.6753  1.6769  1.6723  1.6723  1211.8          1.6763  ...   0.0006  0.0040  0.0046  0.004129   1.686986   1.662214       False

[3 rows x 15 columns]
[MainProcess binance_shib_eur] [02.11.2021 17:09:28] -              timestamp    open    high     low   close  volume  previous_close  ...  high-pc  low-pc      tr       atr  upperband  lowerband  in_uptrend
96 2021-11-02 16:06:00  1.6805  1.6805  1.6788  1.6788   646.7          1.6764  ...   0.0041  0.0024  0.0041  0.004514   1.690607   1.666107       False
97 2021-11-02 16:07:00  1.6788  1.6794  1.6763  1.6763  2125.1          1.6788  ...   0.0006  0.0025  0.0031  0.004000   1.689850   1.665850       False
98 2021-11-02 16:08:00  1.6753  1.6769  1.6723  1.6723  1211.8          1.6763  ...   0.0006  0.0040  0.0046  0.004129   1.686986   1.662214       False

[3 rows x 15 columns]
[MainProcess binance_shib_eur] [02.11.2021 17:09:33] -              timestamp      open      high       low     close        volume  ...        low-pc            tr           atr  upperband  lowerband  in_uptrend
96 2021-11-02 16:06:00  0.000059  0.000059  0.000059  0.000059  5.958304e+08  ...  5.000000e-08  1.100000e-07  2.042857e-07   0.000060   0.000058        True
97 2021-11-02 16:07:00  0.000059  0.000059  0.000059  0.000059  1.081913e+09  ...  1.600000e-07  2.100000e-07  1.700000e-07   0.000059   0.000058        True
98 2021-11-02 16:08:00  0.000059  0.000059  0.000058  0.000058  5.888234e+08  ...  2.600000e-07  2.900000e-07  1.857143e-07   0.000059   0.000058        True

[3 rows x 15 columns]
[MainProcess binance_dot_eur] [02.11.2021 17:09:33] -              timestamp      open      high       low     close        volume  ...        low-pc            tr           atr  upperband  lowerband  in_uptrend
96 2021-11-02 16:06:00  0.000059  0.000059  0.000059  0.000059  5.958304e+08  ...  5.000000e-08  1.100000e-07  2.042857e-07   0.000060   0.000058        True
97 2021-11-02 16:07:00  0.000059  0.000059  0.000059  0.000059  1.081913e+09  ...  1.600000e-07  2.100000e-07  1.700000e-07   0.000059   0.000058        True
98 2021-11-02 16:08:00  0.000059  0.000059  0.000058  0.000058  5.888234e+08  ...  2.600000e-07  2.900000e-07  1.857143e-07   0.000059   0.000058        True

[3 rows x 15 columns]
[MainProcess binance_matic_eur] [02.11.2021 17:09:34] -              timestamp      open      high       low     close        volume  ...        low-pc            tr           atr  upperband  lowerband  in_uptrend
96 2021-11-02 16:06:00  0.000059  0.000059  0.000059  0.000059  5.958304e+08  ...  5.000000e-08  1.100000e-07  2.042857e-07   0.000060   0.000058        True
97 2021-11-02 16:07:00  0.000059  0.000059  0.000059  0.000059  1.081913e+09  ...  1.600000e-07  2.100000e-07  1.700000e-07   0.000059   0.000058        True
98 2021-11-02 16:08:00  0.000059  0.000059  0.000058  0.000058  5.888234e+08  ...  2.600000e-07  2.900000e-07  1.857143e-07   0.000059   0.000058        True

[3 rows x 15 columns]
[MainProcess binance_shib_eur] [02.11.2021 17:09:35] -              timestamp   open   high    low  close  volume  previous_close  high-low  high-pc  low-pc    tr       atr  upperband  lowerband  in_uptrend
96 2021-11-02 16:06:00  44.24  44.30  44.24  44.30   18.07           44.23      0.06     0.07    0.01  0.07  0.130000  44.649286  43.880000       False
97 2021-11-02 16:07:00  44.32  44.42  44.31  44.39  467.63           44.30      0.11     0.12    0.01  0.12  0.120000  44.649286  44.005000       False
98 2021-11-02 16:08:00  44.44  44.47  44.36  44.36  274.17           44.39      0.11     0.08    0.03  0.11  0.121429  44.649286  44.050714       False
[MainProcess binance_dot_eur] [02.11.2021 17:09:35] -              timestamp   open   high    low  close  volume  previous_close  high-low  high-pc  low-pc    tr       atr  upperband  lowerband  in_uptrend
96 2021-11-02 16:06:00  44.24  44.30  44.24  44.30   18.07           44.23      0.06     0.07    0.01  0.07  0.130000  44.649286  43.880000       False
97 2021-11-02 16:07:00  44.32  44.42  44.31  44.39  467.63           44.30      0.11     0.12    0.01  0.12  0.120000  44.649286  44.005000       False
98 2021-11-02 16:08:00  44.44  44.47  44.36  44.36  274.17           44.39      0.11     0.08    0.03  0.11  0.121429  44.649286  44.050714       False
[MainProcess binance_dot_eur] [02.11.2021 17:09:38] -              timestamp    open    high     low   close  volume  previous_close  ...  high-pc  low-pc      tr       atr  upperband  lowerband  in_uptrend
96 2021-11-02 16:06:00  1.6805  1.6805  1.6788  1.6788   646.7          1.6764  ...   0.0041  0.0024  0.0041  0.004514   1.690607   1.666107       False
97 2021-11-02 16:07:00  1.6788  1.6794  1.6763  1.6763  2125.1          1.6788  ...   0.0006  0.0025  0.0031  0.004000   1.689850   1.665850       False
98 2021-11-02 16:08:00  1.6753  1.6769  1.6723  1.6723  1211.8          1.6763  ...   0.0006  0.0040  0.0046  0.004129   1.686986   1.662214       False

[3 rows x 15 columns]
[MainProcess binance_matic_eur] [02.11.2021 17:09:44] -              timestamp      open      high       low     close        volume  ...        low-pc            tr           atr  upperband  lowerband  in_uptrend
96 2021-11-02 16:06:00  0.000059  0.000059  0.000059  0.000059  5.958304e+08  ...  5.000000e-08  1.100000e-07  2.042857e-07   0.000060   0.000058        True
97 2021-11-02 16:07:00  0.000059  0.000059  0.000059  0.000059  1.081913e+09  ...  1.600000e-07  2.100000e-07  1.700000e-07   0.000059   0.000058        True
98 2021-11-02 16:08:00  0.000059  0.000059  0.000058  0.000058  5.888234e+08  ...  2.600000e-07  2.900000e-07  1.857143e-07   0.000059   0.000058        True

[3 rows x 15 columns]
[MainProcess binance_matic_eur] [02.11.2021 17:09:45] -              timestamp   open   high    low  close  volume  previous_close  high-low  high-pc  low-pc    tr       atr  upperband  lowerband  in_uptrend
96 2021-11-02 16:06:00  44.24  44.30  44.24  44.30   18.07           44.23      0.06     0.07    0.01  0.07  0.130000  44.649286  43.880000       False
97 2021-11-02 16:07:00  44.32  44.42  44.31  44.39  467.63           44.30      0.11     0.12    0.01  0.12  0.120000  44.649286  44.005000       False
98 2021-11-02 16:08:00  44.44  44.47  44.36  44.36  274.17           44.39      0.11     0.08    0.03  0.11  0.121429  44.649286  44.050714       False
[MainProcess binance_dot_eur] [02.11.2021 17:09:46] -              timestamp   open   high    low  close  volume  previous_close  high-low  high-pc  low-pc    tr       atr  upperband  lowerband  in_uptrend
96 2021-11-02 16:06:00  44.24  44.30  44.24  44.30   18.07           44.23      0.06     0.07    0.01  0.07  0.130000  44.649286  43.880000       False
97 2021-11-02 16:07:00  44.32  44.42  44.31  44.39  467.63           44.30      0.11     0.12    0.01  0.12  0.120000  44.649286  44.005000       False
98 2021-11-02 16:08:00  44.44  44.47  44.36  44.36  274.17           44.39      0.11     0.08    0.03  0.11  0.121429  44.649286  44.050714       False
[MainProcess binance_dot_eur] [02.11.2021 17:23:02] - ####################################################################
[MainProcess binance_dot_eur] [02.11.2021 17:23:02] - #                                                                  #
[MainProcess binance_dot_eur] [02.11.2021 17:23:02] - #                    SUPERTREND TRADING BOT                        #
[MainProcess binance_dot_eur] [02.11.2021 17:23:02] - #                                                                  #
[MainProcess binance_dot_eur] [02.11.2021 17:23:02] - ####################################################################
[MainProcess binance_dot_eur] [02.11.2021 17:23:02] - #                                                                  #
[MainProcess binance_matic_eur] [02.11.2021 17:23:07] - ####################################################################
[MainProcess binance_matic_eur] [02.11.2021 17:23:07] - #                                                                  #
[MainProcess binance_matic_eur] [02.11.2021 17:23:07] - #                    SUPERTREND TRADING BOT                        #
[MainProcess binance_matic_eur] [02.11.2021 17:23:07] - #                                                                  #
[MainProcess binance_matic_eur] [02.11.2021 17:23:07] - ####################################################################
[MainProcess binance_matic_eur] [02.11.2021 17:23:07] - #                                                                  #
[MainProcess binance_shib_eur] [02.11.2021 17:23:12] - ####################################################################
[MainProcess binance_shib_eur] [02.11.2021 17:23:12] - #                                                                  #
[MainProcess binance_shib_eur] [02.11.2021 17:23:12] - #                    SUPERTREND TRADING BOT                        #
[MainProcess binance_shib_eur] [02.11.2021 17:23:12] - #                                                                  #
[MainProcess binance_shib_eur] [02.11.2021 17:23:12] - ####################################################################
[MainProcess binance_shib_eur] [02.11.2021 17:23:12] - #                                                                  #
